
VERITAS Analysis Summary (University of Delaware & DESY)  (version v.4.90)
==========================================================================

sequentiell analysis

Reading anasum parameters from /raid/jacko/obriens/EDv490/Eventdisplay_AnalysisFiles_VTS/ParameterFiles/ANASUM.runparameter_bllac.txt :

* TIMEMASKFILE ANASUM.timemask_bllac.dat
* REGIONTOEXCLUDE 0. 0. 0.35
* ENERGYSPECTRALINDEX 3.5
* SKYMAPBINSIZE 0.01
* SKYMAPBINSIZEUC 0.05
* SKYMAPSIZEX -2. 2.
* SKYMAPSIZEY -2. 2.
* BRIGHTSTARCATALOGUE Hipparcos_MAG8_1997.dat
* BRIGHTSTARBRIGHTNESS 8.0
* BRIGHTSTAREXCLUDEFROMBACKGROUNDRADIUS 0.30
* ENERGYBINSIZE 0.05
* ENERGYEFFECTIVEAREAS REC
* ENERGYRECONSTRUCTIONMETHOD 1
* DEADTIMECALCULATIONMETHOD 0
* RATEINTERVALLLENGTH 4.
========================================================
        end reading run parameters                      
========================================================

Reading long run list from (S0, TA0): /raid/jacko/obriens/VERITAS/ED_data/analysis/Results/v490/BLLac/BLLac1//83368.anasum.runlist
========================================
========================================
Random seed for stereo maps: 17

File with list of runs  (long version): /raid/jacko/obriens/VERITAS/ED_data/analysis/Results/v490/BLLac/BLLac1//83368.anasum.runlist (file format version 6, 1 runs found in list)
	 reading run parameter from mscw file (may take a second...)
Run 83368:	 pointing from mscw file is  (ra,dec (J2000)) = (330.68, 42.2778)

-----------------------------------------------------------------------(3)
Chaining run 0 of 1 runs with source data: /raid/reedbuck/lundym/data/analysis/Results/v490///83368.mscw.root
	 azimuth range: [-5.15747,-18.3849]
	 mean pedestal variations in run 83368: 6.45583
-----------------------------------------------------------------------(4)
Chaining run 0 of 1 runs with background data: /raid/reedbuck/lundym/data/analysis/Results/v490///83368.mscw.root
	 azimuth range: [-5.15747,-18.3849]
	 mean pedestal variations in run 83368: 6.45583
-----------------------------------------------------------------------(5)

-----------------------------------------------------------------------
Checking data trees (ON runs)
	 Run 	| Start (MJD : secs)	| End (MJD : secs)	| Duration (secs [mins])
	 83368	| 57688 : 11332.15	| 57688 : 12232.32	| 900.18 [15.00]

-----------------------------------------------------------------------
Defining targets and exclusion regions
Run 83368 ---------------------------
	Target: BL Lac (ra,dec)=(330.854, 42.3595) (precessed, MJD=57688.1), (ra,dec (J2000)) = (330.68, 42.2778)
	Wobble offsets (currE): N: 0.5 W: -0,  RA 0, Dec 0.5
	Wobble offsets (J2000): N: 0.5 W: -0.000539733
	Sky maps centred at (ra,dec (J2000)) (330.68, 42.2778)
	Telescopes pointing to: (ra,dec (J2000)) (330.681, 42.7778), N: 0.5 W: -0.000539733
	1D-histograms calculated at (x,y): 0, -0
	Wobble offsets (currE): N: 0.5 W: -0,  RA 0, Dec 0.5
	reading star catalogue: /raid/jacko/obriens/EDv490/Eventdisplay_AnalysisFiles_VTS/AstroData/Catalogues/Hipparcos_MAG8_1997.dat
	bright stars (magnitude brighter than 8, exclusion radius 0.3 deg, B-band) in field of view (J2000): 
		 ID 	 RA 	 Dec 	 magnitude 
		108024	328.268	41.6033	7.656 (B band)    HIP108024
		108356	329.275	42.6163	7.974 (B band)    HIP108356
		108440	329.508	43.1497	7.909 (B band)    HIP108440
		108450	329.546	43.2388	7.38 (B band)    HIP108450
		108507	329.733	41.6962	7.53 (B band)    HIP108507
		108614	330.046	42.5836	7.677 (B band)    HIP108614
		108675	330.232	43.6351	7.962 (B band)    HIP108675
		108819	330.685	42.8145	7.174 (B band)    HIP108819
		109071	331.43	41.3523	7.664 (B band)    HIP109071
		109238	331.954	42.9533	7.896 (B band)    HIP109238
		109511	332.765	43.0307	7.869 (B band)    HIP109511

-----------------------------------------------------------------------
Checking data trees (OFF runs)
	 Run 	| Start (MJD : secs)	| End (MJD : secs)	| Duration (secs [mins])
	 83368	| 57688 : 11332.15	| 57688 : 12232.32	| 900.18 [15.00]


---------------------------------------
Stereo analysis for run: 83368	83368  (run 1 out of 1), eventdisplay version v.4.90
	 Object: BL Lac
	 Wobble: (N0.5, W-0), sky maps centred at (ra,dec) (330.68, 42.2778), target shift: (N0, W-0) (RA/DEC)_J2000 [0, 0]
	 region excluded from background estimation: 
	       1:region to exclude: (N -0, W -0, R1 0.35, R2 0.35, theta 0, ID -1 )
	       2:region to exclude: (N -0.64899, W -1.80389, R1 0.3, R2 0.3, theta 0, ID 108024 (HIP108024) )
	       3:region to exclude: (N 0.347057, W -1.03438, R1 0.3, R2 0.3, theta 0, ID 108356 (HIP108356) )
	       4:region to exclude: (N 0.877818, W -0.855207, R1 0.3, R2 0.3, theta 0, ID 108440 (HIP108440) )
	       5:region to exclude: (N 0.966567, W -0.826103, R1 0.3, R2 0.3, theta 0, ID 108450 (HIP108450) )
	       6:region to exclude: (N -0.577634, W -0.707774, R1 0.3, R2 0.3, theta 0, ID 108507 (HIP108507) )
	       7:region to exclude: (N 0.307587, W -0.467007, R1 0.3, R2 0.3, theta 0, ID 108614 (HIP108614) )
	       8:region to exclude: (N 1.35824, W -0.3246, R1 0.3, R2 0.3, theta 0, ID 108675 (HIP108675) )
	       9:region to exclude: (N 0.536756, W 0.0032202, R1 0.3, R2 0.3, theta 0, ID 108819 (HIP108819) )
	       10:region to exclude: (N -0.922965, W 0.562557, R1 0.3, R2 0.3, theta 0, ID 109071 (HIP109071) )
	       11:region to exclude: (N 0.682501, W 0.932178, R1 0.3, R2 0.3, theta 0, ID 109238 (HIP109238) )
	       12:region to exclude: (N 0.771675, W 1.52404, R1 0.3, R2 0.3, theta 0, ID 109511 (HIP109511) )
	 number of telescopes: 4
	 time intervall for rate plots: 240 s (4 min)
	 effective areas from effArea-v490-auxv01-CARE_June2020-Cut-NTel3-PointSource-Hard-TMVA-BDT-AP-DISP-V6_2016_2017-ATM62-T1234.root
	 sky plot binning [deg] 0.01	0.05
	 sky plot size [deg]: -2 < X < 2, -2 < Y < 2
	 energy spectra parameters (binsize, log10): 0.05 (use effective area A_REC), Method 1
	 dead time calculation method: scalar method
	 background model: REFLECTED REGIONS BACKGROUND MODEL
	 theta2 cut: 0.008 deg2
	 distance to source region: 0.1
	 minimum number of off source regions: 2
	 maximum number of off source regions: 6
	 acceptance file (for theta2 plots): IGNOREACCEPTANCE
	 maximum distance to camera center: 2 deg
	 NBoxsmooth: 0


------------------------------------------------------------------------
Filling ON histograms for run 83368 -----------------------------
	 time-mask initialised for run 83368 for 901 seconds starting at 11332.1 secs on MJD 57688
	 setting time-mask from file /raid/jacko/obriens/EDv490/Eventdisplay_AnalysisFiles_VTS/ParameterFiles/ANASUM.timemask_bllac.dat
	 -> default mask is open for entire duration of run.
	 reading analysis cuts from /raid/jacko/obriens/EDv490/Eventdisplay_AnalysisFiles_VTS//GammaHadronCutFiles/ANASUM.GammaHadron-Cut-NTel3-PointSource-Hard-TMVA-BDT.dat
========================================
VTMVAEvaluator::initializeWeightFiles: reading energy and zenith bins from TMVA root files (nbinE: 9, nbinZ: 3)
  No signal efficiency histogram found (Method_BDT/BDT_0/MVA_BDT_0_effS)
VTMVAEvaluator::initializeWeightFiles() warning: TMVA root file not found or incomplete file (0) 
/raid/jacko/obriens/EDv490/Eventdisplay_AnalysisFiles_VTS//GammaHadronBDTs/V6_2016_2017_ATM62/NTel3-Hard/BDT_0_0.root
  assume this is a low-energy empty bin (bin number 0; number of missing energy bins: 1)
  assume this is a zenith empty bin (bin number 0; number of missing zenith bins: 1)
  No signal efficiency histogram found (Method_BDT/BDT_0/MVA_BDT_0_effS)
VTMVAEvaluator::initializeWeightFiles() warning: TMVA root file not found or incomplete file (0) 
/raid/jacko/obriens/EDv490/Eventdisplay_AnalysisFiles_VTS//GammaHadronBDTs/V6_2016_2017_ATM62/NTel3-Hard/BDT_0_1.root
  assume this is a zenith empty bin (bin number 1; number of missing zenith bins: 2)
  No signal efficiency histogram found (Method_BDT/BDT_0/MVA_BDT_0_effS)
VTMVAEvaluator::initializeWeightFiles() warning: TMVA root file not found or incomplete file (0) 
/raid/jacko/obriens/EDv490/Eventdisplay_AnalysisFiles_VTS//GammaHadronBDTs/V6_2016_2017_ATM62/NTel3-Hard/BDT_0_2.root
  assume this is a zenith empty bin (bin number 2; number of missing zenith bins: 3)
VTMVAEvaluator::getValueFromMap (MVA_CUT): E [-1.25, -0.25], bin 1: Zen [0, 32.5], bin 0:	 10	0.148
VTMVAEvaluator::getValueFromMap (MVA_CUT): E [-1.25, -0.25], bin 1: Zen [32.5, 47.5], bin 1:	 11	0.0482
  No signal efficiency histogram found (Method_BDT/BDT_0/MVA_BDT_0_effS)
VTMVAEvaluator::initializeWeightFiles() warning: TMVA root file not found or incomplete file (1) 
/raid/jacko/obriens/EDv490/Eventdisplay_AnalysisFiles_VTS//GammaHadronBDTs/V6_2016_2017_ATM62/NTel3-Hard/BDT_1_2.root
  assume this is a low-energy empty bin (bin number 1; number of missing energy bins: 2)
VTMVAEvaluator::getValueFromMap (MVA_CUT): E [-1, 0], bin 2: Zen [0, 32.5], bin 0:	 20	0.148
VTMVAEvaluator::getValueFromMap (MVA_CUT): E [-1, 0], bin 2: Zen [32.5, 47.5], bin 1:	 21	0.146
  No signal efficiency histogram found (Method_BDT/BDT_0/MVA_BDT_0_effS)
VTMVAEvaluator::initializeWeightFiles() warning: TMVA root file not found or incomplete file (2) 
/raid/jacko/obriens/EDv490/Eventdisplay_AnalysisFiles_VTS//GammaHadronBDTs/V6_2016_2017_ATM62/NTel3-Hard/BDT_2_2.root
  assume this is a low-energy empty bin (bin number 2; number of missing energy bins: 3)
VTMVAEvaluator::getValueFromMap (MVA_CUT): E [-0.75, 0.25], bin 3: Zen [0, 32.5], bin 0:	 30	0.154
VTMVAEvaluator::getValueFromMap (MVA_CUT): E [-0.75, 0.25], bin 3: Zen [32.5, 47.5], bin 1:	 31	0.158
VTMVAEvaluator::getValueFromMap (MVA_CUT): E [-0.75, 0.25], bin 3: Zen [47.5, 75], bin 2:	 32	0.108
VTMVAEvaluator::getValueFromMap (MVA_CUT): E [-0.5, 0.5], bin 4: Zen [0, 32.5], bin 0:	 40	0.157
VTMVAEvaluator::getValueFromMap (MVA_CUT): E [-0.5, 0.5], bin 4: Zen [32.5, 47.5], bin 1:	 41	0.161
VTMVAEvaluator::getValueFromMap (MVA_CUT): E [-0.5, 0.5], bin 4: Zen [47.5, 75], bin 2:	 42	0.0561
VTMVAEvaluator::getValueFromMap (MVA_CUT): E [-0.25, 0.75], bin 5: Zen [0, 32.5], bin 0:	 50	0.129
VTMVAEvaluator::getValueFromMap (MVA_CUT): E [-0.25, 0.75], bin 5: Zen [32.5, 47.5], bin 1:	 51	0.169
VTMVAEvaluator::getValueFromMap (MVA_CUT): E [-0.25, 0.75], bin 5: Zen [47.5, 75], bin 2:	 52	0.107
VTMVAEvaluator::getValueFromMap (MVA_CUT): E [0, 1], bin 6: Zen [0, 32.5], bin 0:	 60	0.0872
VTMVAEvaluator::getValueFromMap (MVA_CUT): E [0, 1], bin 6: Zen [32.5, 47.5], bin 1:	 61	0.151
VTMVAEvaluator::getValueFromMap (MVA_CUT): E [0, 1], bin 6: Zen [47.5, 75], bin 2:	 62	0.121
VTMVAEvaluator::getValueFromMap (MVA_CUT): E [0.25, 1.25], bin 7: Zen [0, 32.5], bin 0:	 70	0.0758
VTMVAEvaluator::getValueFromMap (MVA_CUT): E [0.25, 1.25], bin 7: Zen [32.5, 47.5], bin 1:	 71	0.13
VTMVAEvaluator::getValueFromMap (MVA_CUT): E [0.25, 1.25], bin 7: Zen [47.5, 75], bin 2:	 72	0.121
VTMVAEvaluator::getValueFromMap (MVA_CUT): E [0.5, 2], bin 8: Zen [0, 32.5], bin 0:	 80	0.0768
VTMVAEvaluator::getValueFromMap (MVA_CUT): E [0.5, 2], bin 8: Zen [32.5, 47.5], bin 1:	 81	0.103
VTMVAEvaluator::getValueFromMap (MVA_CUT): E [0.5, 2], bin 8: Zen [47.5, 75], bin 2:	 82	0.158
	 file /raid/jacko/obriens/EDv490/Eventdisplay_AnalysisFiles_VTS//GammaHadronBDTs/V6_2016_2017_ATM62/NTel3-Hard/BDT_1_0.root
	 energy bin [-1.25,-0.25] (mean energy -0.75), zenith bin [0,32.5]
	 file /raid/jacko/obriens/EDv490/Eventdisplay_AnalysisFiles_VTS//GammaHadronBDTs/V6_2016_2017_ATM62/NTel3-Hard/BDT_1_1.root
	 energy bin [-1.25,-0.25] (mean energy -0.75), zenith bin [32.5,47.5]
	 file /raid/jacko/obriens/EDv490/Eventdisplay_AnalysisFiles_VTS//GammaHadronBDTs/V6_2016_2017_ATM62/NTel3-Hard/BDT_2_0.root
	 energy bin [-1,0] (mean energy -0.5), zenith bin [0,32.5]
	 file /raid/jacko/obriens/EDv490/Eventdisplay_AnalysisFiles_VTS//GammaHadronBDTs/V6_2016_2017_ATM62/NTel3-Hard/BDT_2_1.root
	 energy bin [-1,0] (mean energy -0.5), zenith bin [32.5,47.5]
	 file /raid/jacko/obriens/EDv490/Eventdisplay_AnalysisFiles_VTS//GammaHadronBDTs/V6_2016_2017_ATM62/NTel3-Hard/BDT_3_0.root
	 energy bin [-0.75,0.25] (mean energy -0.25), zenith bin [0,32.5]
	 file /raid/jacko/obriens/EDv490/Eventdisplay_AnalysisFiles_VTS//GammaHadronBDTs/V6_2016_2017_ATM62/NTel3-Hard/BDT_3_1.root
	 energy bin [-0.75,0.25] (mean energy -0.25), zenith bin [32.5,47.5]
	 file /raid/jacko/obriens/EDv490/Eventdisplay_AnalysisFiles_VTS//GammaHadronBDTs/V6_2016_2017_ATM62/NTel3-Hard/BDT_3_2.root
	 energy bin [-0.75,0.25] (mean energy -0.25), zenith bin [47.5,75]
	 file /raid/jacko/obriens/EDv490/Eventdisplay_AnalysisFiles_VTS//GammaHadronBDTs/V6_2016_2017_ATM62/NTel3-Hard/BDT_4_0.root
	 energy bin [-0.5,0.5] (mean energy 2.41082e-17), zenith bin [0,32.5]
	 file /raid/jacko/obriens/EDv490/Eventdisplay_AnalysisFiles_VTS//GammaHadronBDTs/V6_2016_2017_ATM62/NTel3-Hard/BDT_4_1.root
	 energy bin [-0.5,0.5] (mean energy 2.41082e-17), zenith bin [32.5,47.5]
	 file /raid/jacko/obriens/EDv490/Eventdisplay_AnalysisFiles_VTS//GammaHadronBDTs/V6_2016_2017_ATM62/NTel3-Hard/BDT_4_2.root
	 energy bin [-0.5,0.5] (mean energy 2.41082e-17), zenith bin [47.5,75]
	 file /raid/jacko/obriens/EDv490/Eventdisplay_AnalysisFiles_VTS//GammaHadronBDTs/V6_2016_2017_ATM62/NTel3-Hard/BDT_5_0.root
	 energy bin [-0.25,0.75] (mean energy 0.25), zenith bin [0,32.5]
	 file /raid/jacko/obriens/EDv490/Eventdisplay_AnalysisFiles_VTS//GammaHadronBDTs/V6_2016_2017_ATM62/NTel3-Hard/BDT_5_1.root
	 energy bin [-0.25,0.75] (mean energy 0.25), zenith bin [32.5,47.5]
	 file /raid/jacko/obriens/EDv490/Eventdisplay_AnalysisFiles_VTS//GammaHadronBDTs/V6_2016_2017_ATM62/NTel3-Hard/BDT_5_2.root
	 energy bin [-0.25,0.75] (mean energy 0.25), zenith bin [47.5,75]
	 file /raid/jacko/obriens/EDv490/Eventdisplay_AnalysisFiles_VTS//GammaHadronBDTs/V6_2016_2017_ATM62/NTel3-Hard/BDT_6_0.root
	 energy bin [0,1] (mean energy 0.5), zenith bin [0,32.5]
	 file /raid/jacko/obriens/EDv490/Eventdisplay_AnalysisFiles_VTS//GammaHadronBDTs/V6_2016_2017_ATM62/NTel3-Hard/BDT_6_1.root
	 energy bin [0,1] (mean energy 0.5), zenith bin [32.5,47.5]
	 file /raid/jacko/obriens/EDv490/Eventdisplay_AnalysisFiles_VTS//GammaHadronBDTs/V6_2016_2017_ATM62/NTel3-Hard/BDT_6_2.root
	 energy bin [0,1] (mean energy 0.5), zenith bin [47.5,75]
	 file /raid/jacko/obriens/EDv490/Eventdisplay_AnalysisFiles_VTS//GammaHadronBDTs/V6_2016_2017_ATM62/NTel3-Hard/BDT_7_0.root
	 energy bin [0.25,1.25] (mean energy 0.75), zenith bin [0,32.5]
	 file /raid/jacko/obriens/EDv490/Eventdisplay_AnalysisFiles_VTS//GammaHadronBDTs/V6_2016_2017_ATM62/NTel3-Hard/BDT_7_1.root
	 energy bin [0.25,1.25] (mean energy 0.75), zenith bin [32.5,47.5]
	 file /raid/jacko/obriens/EDv490/Eventdisplay_AnalysisFiles_VTS//GammaHadronBDTs/V6_2016_2017_ATM62/NTel3-Hard/BDT_7_2.root
	 energy bin [0.25,1.25] (mean energy 0.75), zenith bin [47.5,75]
	 file /raid/jacko/obriens/EDv490/Eventdisplay_AnalysisFiles_VTS//GammaHadronBDTs/V6_2016_2017_ATM62/NTel3-Hard/BDT_8_0.root
	 energy bin [0.5,2] (mean energy 1.25), zenith bin [0,32.5]
	 file /raid/jacko/obriens/EDv490/Eventdisplay_AnalysisFiles_VTS//GammaHadronBDTs/V6_2016_2017_ATM62/NTel3-Hard/BDT_8_1.root
	 energy bin [0.5,2] (mean energy 1.25), zenith bin [32.5,47.5]
	 file /raid/jacko/obriens/EDv490/Eventdisplay_AnalysisFiles_VTS//GammaHadronBDTs/V6_2016_2017_ATM62/NTel3-Hard/BDT_8_2.root
	 energy bin [0.5,2] (mean energy 1.25), zenith bin [47.5,75]
                         : Booking "1_0" of type "BDT" from /raid/jacko/obriens/EDv490/Eventdisplay_AnalysisFiles_VTS//GammaHadronBDTs/V6_2016_2017_ATM62/NTel3-Hard/BDT_1_0_BDT_0.weights.xml.
                         : Reading weight file: /raid/jacko/obriens/EDv490/Eventdisplay_AnalysisFiles_VTS//GammaHadronBDTs/V6_2016_2017_ATM62/NTel3-Hard/BDT_1_0_BDT_0.weights.xml
<HEADER> DataSetInfo              : [Default] : Added class "Signal"
<HEADER> DataSetInfo              : [Default] : Added class "Background"
                         : Booked classifier "BDT_0" of type: "BDT"
                         : Booking "1_1" of type "BDT" from /raid/jacko/obriens/EDv490/Eventdisplay_AnalysisFiles_VTS//GammaHadronBDTs/V6_2016_2017_ATM62/NTel3-Hard/BDT_1_1_BDT_0.weights.xml.
                         : Reading weight file: /raid/jacko/obriens/EDv490/Eventdisplay_AnalysisFiles_VTS//GammaHadronBDTs/V6_2016_2017_ATM62/NTel3-Hard/BDT_1_1_BDT_0.weights.xml
<HEADER> DataSetInfo              : [Default] : Added class "Signal"
<HEADER> DataSetInfo              : [Default] : Added class "Background"
                         : Booked classifier "BDT_0" of type: "BDT"
                         : Booking "2_0" of type "BDT" from /raid/jacko/obriens/EDv490/Eventdisplay_AnalysisFiles_VTS//GammaHadronBDTs/V6_2016_2017_ATM62/NTel3-Hard/BDT_2_0_BDT_0.weights.xml.
                         : Reading weight file: /raid/jacko/obriens/EDv490/Eventdisplay_AnalysisFiles_VTS//GammaHadronBDTs/V6_2016_2017_ATM62/NTel3-Hard/BDT_2_0_BDT_0.weights.xml
<HEADER> DataSetInfo              : [Default] : Added class "Signal"
<HEADER> DataSetInfo              : [Default] : Added class "Background"
                         : Booked classifier "BDT_0" of type: "BDT"
                         : Booking "2_1" of type "BDT" from /raid/jacko/obriens/EDv490/Eventdisplay_AnalysisFiles_VTS//GammaHadronBDTs/V6_2016_2017_ATM62/NTel3-Hard/BDT_2_1_BDT_0.weights.xml.
                         : Reading weight file: /raid/jacko/obriens/EDv490/Eventdisplay_AnalysisFiles_VTS//GammaHadronBDTs/V6_2016_2017_ATM62/NTel3-Hard/BDT_2_1_BDT_0.weights.xml
<HEADER> DataSetInfo              : [Default] : Added class "Signal"
<HEADER> DataSetInfo              : [Default] : Added class "Background"
                         : Booked classifier "BDT_0" of type: "BDT"
                         : Booking "3_0" of type "BDT" from /raid/jacko/obriens/EDv490/Eventdisplay_AnalysisFiles_VTS//GammaHadronBDTs/V6_2016_2017_ATM62/NTel3-Hard/BDT_3_0_BDT_0.weights.xml.
                         : Reading weight file: /raid/jacko/obriens/EDv490/Eventdisplay_AnalysisFiles_VTS//GammaHadronBDTs/V6_2016_2017_ATM62/NTel3-Hard/BDT_3_0_BDT_0.weights.xml
<HEADER> DataSetInfo              : [Default] : Added class "Signal"
<HEADER> DataSetInfo              : [Default] : Added class "Background"
                         : Booked classifier "BDT_0" of type: "BDT"
                         : Booking "3_1" of type "BDT" from /raid/jacko/obriens/EDv490/Eventdisplay_AnalysisFiles_VTS//GammaHadronBDTs/V6_2016_2017_ATM62/NTel3-Hard/BDT_3_1_BDT_0.weights.xml.
                         : Reading weight file: /raid/jacko/obriens/EDv490/Eventdisplay_AnalysisFiles_VTS//GammaHadronBDTs/V6_2016_2017_ATM62/NTel3-Hard/BDT_3_1_BDT_0.weights.xml
<HEADER> DataSetInfo              : [Default] : Added class "Signal"
<HEADER> DataSetInfo              : [Default] : Added class "Background"
                         : Booked classifier "BDT_0" of type: "BDT"
                         : Booking "3_2" of type "BDT" from /raid/jacko/obriens/EDv490/Eventdisplay_AnalysisFiles_VTS//GammaHadronBDTs/V6_2016_2017_ATM62/NTel3-Hard/BDT_3_2_BDT_0.weights.xml.
                         : Reading weight file: /raid/jacko/obriens/EDv490/Eventdisplay_AnalysisFiles_VTS//GammaHadronBDTs/V6_2016_2017_ATM62/NTel3-Hard/BDT_3_2_BDT_0.weights.xml
<HEADER> DataSetInfo              : [Default] : Added class "Signal"
<HEADER> DataSetInfo              : [Default] : Added class "Background"
                         : Booked classifier "BDT_0" of type: "BDT"
                         : Booking "4_0" of type "BDT" from /raid/jacko/obriens/EDv490/Eventdisplay_AnalysisFiles_VTS//GammaHadronBDTs/V6_2016_2017_ATM62/NTel3-Hard/BDT_4_0_BDT_0.weights.xml.
                         : Reading weight file: /raid/jacko/obriens/EDv490/Eventdisplay_AnalysisFiles_VTS//GammaHadronBDTs/V6_2016_2017_ATM62/NTel3-Hard/BDT_4_0_BDT_0.weights.xml
<HEADER> DataSetInfo              : [Default] : Added class "Signal"
<HEADER> DataSetInfo              : [Default] : Added class "Background"
                         : Booked classifier "BDT_0" of type: "BDT"
                         : Booking "4_1" of type "BDT" from /raid/jacko/obriens/EDv490/Eventdisplay_AnalysisFiles_VTS//GammaHadronBDTs/V6_2016_2017_ATM62/NTel3-Hard/BDT_4_1_BDT_0.weights.xml.
                         : Reading weight file: /raid/jacko/obriens/EDv490/Eventdisplay_AnalysisFiles_VTS//GammaHadronBDTs/V6_2016_2017_ATM62/NTel3-Hard/BDT_4_1_BDT_0.weights.xml
<HEADER> DataSetInfo              : [Default] : Added class "Signal"
<HEADER> DataSetInfo              : [Default] : Added class "Background"
                         : Booked classifier "BDT_0" of type: "BDT"
                         : Booking "4_2" of type "BDT" from /raid/jacko/obriens/EDv490/Eventdisplay_AnalysisFiles_VTS//GammaHadronBDTs/V6_2016_2017_ATM62/NTel3-Hard/BDT_4_2_BDT_0.weights.xml.
                         : Reading weight file: /raid/jacko/obriens/EDv490/Eventdisplay_AnalysisFiles_VTS//GammaHadronBDTs/V6_2016_2017_ATM62/NTel3-Hard/BDT_4_2_BDT_0.weights.xml
<HEADER> DataSetInfo              : [Default] : Added class "Signal"
<HEADER> DataSetInfo              : [Default] : Added class "Background"
                         : Booked classifier "BDT_0" of type: "BDT"
                         : Booking "5_0" of type "BDT" from /raid/jacko/obriens/EDv490/Eventdisplay_AnalysisFiles_VTS//GammaHadronBDTs/V6_2016_2017_ATM62/NTel3-Hard/BDT_5_0_BDT_0.weights.xml.
                         : Reading weight file: /raid/jacko/obriens/EDv490/Eventdisplay_AnalysisFiles_VTS//GammaHadronBDTs/V6_2016_2017_ATM62/NTel3-Hard/BDT_5_0_BDT_0.weights.xml
<HEADER> DataSetInfo              : [Default] : Added class "Signal"
<HEADER> DataSetInfo              : [Default] : Added class "Background"
                         : Booked classifier "BDT_0" of type: "BDT"
                         : Booking "5_1" of type "BDT" from /raid/jacko/obriens/EDv490/Eventdisplay_AnalysisFiles_VTS//GammaHadronBDTs/V6_2016_2017_ATM62/NTel3-Hard/BDT_5_1_BDT_0.weights.xml.
                         : Reading weight file: /raid/jacko/obriens/EDv490/Eventdisplay_AnalysisFiles_VTS//GammaHadronBDTs/V6_2016_2017_ATM62/NTel3-Hard/BDT_5_1_BDT_0.weights.xml
<HEADER> DataSetInfo              : [Default] : Added class "Signal"
<HEADER> DataSetInfo              : [Default] : Added class "Background"
                         : Booked classifier "BDT_0" of type: "BDT"
                         : Booking "5_2" of type "BDT" from /raid/jacko/obriens/EDv490/Eventdisplay_AnalysisFiles_VTS//GammaHadronBDTs/V6_2016_2017_ATM62/NTel3-Hard/BDT_5_2_BDT_0.weights.xml.
                         : Reading weight file: /raid/jacko/obriens/EDv490/Eventdisplay_AnalysisFiles_VTS//GammaHadronBDTs/V6_2016_2017_ATM62/NTel3-Hard/BDT_5_2_BDT_0.weights.xml
<HEADER> DataSetInfo              : [Default] : Added class "Signal"
<HEADER> DataSetInfo              : [Default] : Added class "Background"
                         : Booked classifier "BDT_0" of type: "BDT"
                         : Booking "6_0" of type "BDT" from /raid/jacko/obriens/EDv490/Eventdisplay_AnalysisFiles_VTS//GammaHadronBDTs/V6_2016_2017_ATM62/NTel3-Hard/BDT_6_0_BDT_0.weights.xml.
                         : Reading weight file: /raid/jacko/obriens/EDv490/Eventdisplay_AnalysisFiles_VTS//GammaHadronBDTs/V6_2016_2017_ATM62/NTel3-Hard/BDT_6_0_BDT_0.weights.xml
<HEADER> DataSetInfo              : [Default] : Added class "Signal"
<HEADER> DataSetInfo              : [Default] : Added class "Background"
                         : Booked classifier "BDT_0" of type: "BDT"
                         : Booking "6_1" of type "BDT" from /raid/jacko/obriens/EDv490/Eventdisplay_AnalysisFiles_VTS//GammaHadronBDTs/V6_2016_2017_ATM62/NTel3-Hard/BDT_6_1_BDT_0.weights.xml.
                         : Reading weight file: /raid/jacko/obriens/EDv490/Eventdisplay_AnalysisFiles_VTS//GammaHadronBDTs/V6_2016_2017_ATM62/NTel3-Hard/BDT_6_1_BDT_0.weights.xml
<HEADER> DataSetInfo              : [Default] : Added class "Signal"
<HEADER> DataSetInfo              : [Default] : Added class "Background"
                         : Booked classifier "BDT_0" of type: "BDT"
                         : Booking "6_2" of type "BDT" from /raid/jacko/obriens/EDv490/Eventdisplay_AnalysisFiles_VTS//GammaHadronBDTs/V6_2016_2017_ATM62/NTel3-Hard/BDT_6_2_BDT_0.weights.xml.
                         : Reading weight file: /raid/jacko/obriens/EDv490/Eventdisplay_AnalysisFiles_VTS//GammaHadronBDTs/V6_2016_2017_ATM62/NTel3-Hard/BDT_6_2_BDT_0.weights.xml
<HEADER> DataSetInfo              : [Default] : Added class "Signal"
<HEADER> DataSetInfo              : [Default] : Added class "Background"
                         : Booked classifier "BDT_0" of type: "BDT"
                         : Booking "7_0" of type "BDT" from /raid/jacko/obriens/EDv490/Eventdisplay_AnalysisFiles_VTS//GammaHadronBDTs/V6_2016_2017_ATM62/NTel3-Hard/BDT_7_0_BDT_0.weights.xml.
                         : Reading weight file: /raid/jacko/obriens/EDv490/Eventdisplay_AnalysisFiles_VTS//GammaHadronBDTs/V6_2016_2017_ATM62/NTel3-Hard/BDT_7_0_BDT_0.weights.xml
<HEADER> DataSetInfo              : [Default] : Added class "Signal"
<HEADER> DataSetInfo              : [Default] : Added class "Background"
                         : Booked classifier "BDT_0" of type: "BDT"
                         : Booking "7_1" of type "BDT" from /raid/jacko/obriens/EDv490/Eventdisplay_AnalysisFiles_VTS//GammaHadronBDTs/V6_2016_2017_ATM62/NTel3-Hard/BDT_7_1_BDT_0.weights.xml.
                         : Reading weight file: /raid/jacko/obriens/EDv490/Eventdisplay_AnalysisFiles_VTS//GammaHadronBDTs/V6_2016_2017_ATM62/NTel3-Hard/BDT_7_1_BDT_0.weights.xml
<HEADER> DataSetInfo              : [Default] : Added class "Signal"
<HEADER> DataSetInfo              : [Default] : Added class "Background"
                         : Booked classifier "BDT_0" of type: "BDT"
                         : Booking "7_2" of type "BDT" from /raid/jacko/obriens/EDv490/Eventdisplay_AnalysisFiles_VTS//GammaHadronBDTs/V6_2016_2017_ATM62/NTel3-Hard/BDT_7_2_BDT_0.weights.xml.
                         : Reading weight file: /raid/jacko/obriens/EDv490/Eventdisplay_AnalysisFiles_VTS//GammaHadronBDTs/V6_2016_2017_ATM62/NTel3-Hard/BDT_7_2_BDT_0.weights.xml
<HEADER> DataSetInfo              : [Default] : Added class "Signal"
<HEADER> DataSetInfo              : [Default] : Added class "Background"
                         : Booked classifier "BDT_0" of type: "BDT"
                         : Booking "8_0" of type "BDT" from /raid/jacko/obriens/EDv490/Eventdisplay_AnalysisFiles_VTS//GammaHadronBDTs/V6_2016_2017_ATM62/NTel3-Hard/BDT_8_0_BDT_0.weights.xml.
                         : Reading weight file: /raid/jacko/obriens/EDv490/Eventdisplay_AnalysisFiles_VTS//GammaHadronBDTs/V6_2016_2017_ATM62/NTel3-Hard/BDT_8_0_BDT_0.weights.xml
<HEADER> DataSetInfo              : [Default] : Added class "Signal"
<HEADER> DataSetInfo              : [Default] : Added class "Background"
                         : Booked classifier "BDT_0" of type: "BDT"
                         : Booking "8_1" of type "BDT" from /raid/jacko/obriens/EDv490/Eventdisplay_AnalysisFiles_VTS//GammaHadronBDTs/V6_2016_2017_ATM62/NTel3-Hard/BDT_8_1_BDT_0.weights.xml.
                         : Reading weight file: /raid/jacko/obriens/EDv490/Eventdisplay_AnalysisFiles_VTS//GammaHadronBDTs/V6_2016_2017_ATM62/NTel3-Hard/BDT_8_1_BDT_0.weights.xml
<HEADER> DataSetInfo              : [Default] : Added class "Signal"
<HEADER> DataSetInfo              : [Default] : Added class "Background"
                         : Booked classifier "BDT_0" of type: "BDT"
                         : Booking "8_2" of type "BDT" from /raid/jacko/obriens/EDv490/Eventdisplay_AnalysisFiles_VTS//GammaHadronBDTs/V6_2016_2017_ATM62/NTel3-Hard/BDT_8_2_BDT_0.weights.xml.
                         : Reading weight file: /raid/jacko/obriens/EDv490/Eventdisplay_AnalysisFiles_VTS//GammaHadronBDTs/V6_2016_2017_ATM62/NTel3-Hard/BDT_8_2_BDT_0.weights.xml
<HEADER> DataSetInfo              : [Default] : Added class "Signal"
<HEADER> DataSetInfo              : [Default] : Added class "Background"
                         : Booked classifier "BDT_0" of type: "BDT"
VTMVAEvaluator: Initialized 22 MVA readers 

======================= VTMVAEvaluator: signal (background) efficiency =======================
E [-1.25,-0.250] TeV, Ze [0.00,32.5] deg (bin 0):	 0.783	(0.0403)	 MVACut: 0.148
E [-1.25,-0.250] TeV, Ze [32.5,47.5] deg (bin 1):	 0.900	(0.0205)	 MVACut: 0.0482
E [-1.00,0.00] TeV, Ze [0.00,32.5] deg (bin 2):	 0.775	(0.0437)	 MVACut: 0.148
E [-1.00,0.00] TeV, Ze [32.5,47.5] deg (bin 3):	 0.812	(0.0339)	 MVACut: 0.146
E [-0.750,0.250] TeV, Ze [0.00,32.5] deg (bin 4):	 0.756	(0.0377)	 MVACut: 0.154
E [-0.750,0.250] TeV, Ze [32.5,47.5] deg (bin 5):	 0.772	(0.0286)	 MVACut: 0.158
E [-0.750,0.250] TeV, Ze [47.5,75.0] deg (bin 6):	 0.772	(0.0500)	 MVACut: 0.108
E [-0.500,0.500] TeV, Ze [0.00,32.5] deg (bin 7):	 0.726	(0.0298)	 MVACut: 0.157
E [-0.500,0.500] TeV, Ze [32.5,47.5] deg (bin 8):	 0.756	(0.0255)	 MVACut: 0.161
E [-0.500,0.500] TeV, Ze [47.5,75.0] deg (bin 9):	 0.888	(0.0772)	 MVACut: 0.0561
E [-0.250,0.750] TeV, Ze [0.00,32.5] deg (bin 10):	 0.788	(0.0447)	 MVACut: 0.129
E [-0.250,0.750] TeV, Ze [32.5,47.5] deg (bin 11):	 0.744	(0.0215)	 MVACut: 0.169
E [-0.250,0.750] TeV, Ze [47.5,75.0] deg (bin 12):	 0.812	(0.0495)	 MVACut: 0.107
E [0.00,1.00] TeV, Ze [0.00,32.5] deg (bin 13):	 0.856	(0.0560)	 MVACut: 0.0872
E [0.00,1.00] TeV, Ze [32.5,47.5] deg (bin 14):	 0.759	(0.0271)	 MVACut: 0.151
E [0.00,1.00] TeV, Ze [47.5,75.0] deg (bin 15):	 0.795	(0.0432)	 MVACut: 0.121
E [0.250,1.25] TeV, Ze [0.00,32.5] deg (bin 16):	 0.889	(0.0464)	 MVACut: 0.0758
E [0.250,1.25] TeV, Ze [32.5,47.5] deg (bin 17):	 0.793	(0.0302)	 MVACut: 0.130
E [0.250,1.25] TeV, Ze [47.5,75.0] deg (bin 18):	 0.789	(0.0367)	 MVACut: 0.121
E [0.500,2.00] TeV, Ze [0.00,32.5] deg (bin 19):	 0.900	(0.0308)	 MVACut: 0.0768
E [0.500,2.00] TeV, Ze [32.5,47.5] deg (bin 20):	 0.840	(0.0304)	 MVACut: 0.103
E [0.500,2.00] TeV, Ze [47.5,75.0] deg (bin 21):	 0.725	(0.0144)	 MVACut: 0.158

-----------------------------------------------------------------------------------------
VGammaHadronCuts::printCutSummary() (ntel=4: T1234) 
Gamma/hadron cut selector: 42
Instrument epoch selected: V6_2016_2017_ATM62
Direction cuts (cut selector 0)
Theta2 cut: Theta^2 [deg^2] < 0.008
Direction cut scale factor 1, minimum : 0 [deg] , maximum : 1e+10 [deg]
Average core distance < 400 m (max distance to telescopes (mintel) 1e+10 m)
TMVA gamma/hadron separation with MVA method BDT
weight files: /raid/jacko/obriens/EDv490/Eventdisplay_AnalysisFiles_VTS//GammaHadronBDTs/V6_2016_2017_ATM62/NTel3-Hard/BDT (0,8) (0,2)

Fiducial area (camera) < 2 deg,  stereo reconstruction: 0 <= sChi2 <= 1e+30
Energy reconstruction: 0 <= EChi2 <= 1e+05, -99 < dE < 1e+12, 0 < Erec < 1e+10
SizeSecondMax: 1.5e+03 < SizeSecondMax < 1e+30, 0 < Emission height < 1e+10
NImage cut: 0 <= Ntel <= 100000
Tel-combinations: 0: 0, 1: 0, 2: 0, 3: 0, 4: 0, 5: 0, 6: 0, 7: 1, 8: 0, 9: 0, 10: 0, 11: 1, 12: 0, 13: 1, 14: 1, 15: 1
-----------------------------------------------------------------------------------------
	 reading dead time histograms from file /raid/reedbuck/lundym/data/analysis/Results/v490///83368.mscw.root:/deadTimeHistograms

	 reading effective areas from /raid/jacko/obriens/EDv490/Eventdisplay_AnalysisFiles_VTS//EffectiveAreas/effArea-v490-auxv01-CARE_June2020-Cut-NTel3-PointSource-Hard-TMVA-BDT-AP-DISP-V6_2016_2017-ATM62-T1234.root
	 selecting effective areas for mean az -11.8 deg, spectral index 3.5, noise level 6.46
		total number of curves: 302940, total number of bins on energy axis: 60
		 number of az bin: 16
	 use histograms for effective areas (number of zenith angle intervals: 9; 0, 20, 30, 35, 40, 45, 50, 55, 60)
	 (effective area vs reconstructed energy)
	 number of entries for this run: 111344
                         : Rebuilding Dataset Default
                         : Rebuilding Dataset Default
                         : Rebuilding Dataset Default
                         : Rebuilding Dataset Default
                         : Rebuilding Dataset Default
                         : Rebuilding Dataset Default
	 filling ON events... (correlated maps)
	 filling ON events... (uncorrelated maps)
                         : Rebuilding Dataset Default
                         : Rebuilding Dataset Default
	 Tdiff: dead time [ms] 0.278, fraction of missing events: 12.1% (0, 3.43e+05)
	 Scalar: dead time (fraction of missing events): 13.5% (Chi2 = 1.05e+04)

	 Time mask for run: 83368
	 Run ( 901 secs) | Interval (100 secs)	|     0 |     1 |     2 |     3 |     4 |     5 |     6 |     7 |     8 |     9 (1 sec)
	          111343 | Total Events		| 12511 | 12534 | 12591 | 12293 | 12234 | 12422 | 12354 | 12220 | 12163 |    21

	 Mean times from time mask for run (start on MJD):	 83368	 (1.13e+04 secs on 57688)
	 Mean of run:			  450.5	 (11782.6)
	 Mean of events:		 447.73	 (11779.9)

------------------------------------------------------------------------
Filling OFF histograms for run 83368 -----------------------------
	 time-mask initialised for run 83368 for 901 seconds starting at 1.13e+04 secs on MJD 57688
	 setting time-mask from file /raid/jacko/obriens/EDv490/Eventdisplay_AnalysisFiles_VTS/ParameterFiles/ANASUM.timemask_bllac.dat
	 -> default mask is open for entire duration of run.
	 reading analysis cuts from /raid/jacko/obriens/EDv490/Eventdisplay_AnalysisFiles_VTS//GammaHadronCutFiles/ANASUM.GammaHadron-Cut-NTel3-PointSource-Hard-TMVA-BDT.dat
========================================
VTMVAEvaluator::initializeWeightFiles: reading energy and zenith bins from TMVA root files (nbinE: 9, nbinZ: 3)
  No signal efficiency histogram found (Method_BDT/BDT_0/MVA_BDT_0_effS)
VTMVAEvaluator::initializeWeightFiles() warning: TMVA root file not found or incomplete file (0) 
/raid/jacko/obriens/EDv490/Eventdisplay_AnalysisFiles_VTS//GammaHadronBDTs/V6_2016_2017_ATM62/NTel3-Hard/BDT_0_0.root
  assume this is a low-energy empty bin (bin number 0; number of missing energy bins: 1)
  assume this is a zenith empty bin (bin number 0; number of missing zenith bins: 1)
  No signal efficiency histogram found (Method_BDT/BDT_0/MVA_BDT_0_effS)
VTMVAEvaluator::initializeWeightFiles() warning: TMVA root file not found or incomplete file (0) 
/raid/jacko/obriens/EDv490/Eventdisplay_AnalysisFiles_VTS//GammaHadronBDTs/V6_2016_2017_ATM62/NTel3-Hard/BDT_0_1.root
  assume this is a zenith empty bin (bin number 1; number of missing zenith bins: 2)
  No signal efficiency histogram found (Method_BDT/BDT_0/MVA_BDT_0_effS)
VTMVAEvaluator::initializeWeightFiles() warning: TMVA root file not found or incomplete file (0) 
/raid/jacko/obriens/EDv490/Eventdisplay_AnalysisFiles_VTS//GammaHadronBDTs/V6_2016_2017_ATM62/NTel3-Hard/BDT_0_2.root
  assume this is a zenith empty bin (bin number 2; number of missing zenith bins: 3)
VTMVAEvaluator::getValueFromMap (MVA_CUT): E [-1.25, -0.25], bin 1: Zen [0, 32.5], bin 0:	 10	0.148
VTMVAEvaluator::getValueFromMap (MVA_CUT): E [-1.25, -0.25], bin 1: Zen [32.5, 47.5], bin 1:	 11	0.0482
  No signal efficiency histogram found (Method_BDT/BDT_0/MVA_BDT_0_effS)
VTMVAEvaluator::initializeWeightFiles() warning: TMVA root file not found or incomplete file (1) 
/raid/jacko/obriens/EDv490/Eventdisplay_AnalysisFiles_VTS//GammaHadronBDTs/V6_2016_2017_ATM62/NTel3-Hard/BDT_1_2.root
  assume this is a low-energy empty bin (bin number 1; number of missing energy bins: 2)
VTMVAEvaluator::getValueFromMap (MVA_CUT): E [-1, 0], bin 2: Zen [0, 32.5], bin 0:	 20	0.148
VTMVAEvaluator::getValueFromMap (MVA_CUT): E [-1, 0], bin 2: Zen [32.5, 47.5], bin 1:	 21	0.146
  No signal efficiency histogram found (Method_BDT/BDT_0/MVA_BDT_0_effS)
VTMVAEvaluator::initializeWeightFiles() warning: TMVA root file not found or incomplete file (2) 
/raid/jacko/obriens/EDv490/Eventdisplay_AnalysisFiles_VTS//GammaHadronBDTs/V6_2016_2017_ATM62/NTel3-Hard/BDT_2_2.root
  assume this is a low-energy empty bin (bin number 2; number of missing energy bins: 3)
VTMVAEvaluator::getValueFromMap (MVA_CUT): E [-0.75, 0.25], bin 3: Zen [0, 32.5], bin 0:	 30	0.154
VTMVAEvaluator::getValueFromMap (MVA_CUT): E [-0.75, 0.25], bin 3: Zen [32.5, 47.5], bin 1:	 31	0.158
VTMVAEvaluator::getValueFromMap (MVA_CUT): E [-0.75, 0.25], bin 3: Zen [47.5, 75], bin 2:	 32	0.108
VTMVAEvaluator::getValueFromMap (MVA_CUT): E [-0.5, 0.5], bin 4: Zen [0, 32.5], bin 0:	 40	0.157
VTMVAEvaluator::getValueFromMap (MVA_CUT): E [-0.5, 0.5], bin 4: Zen [32.5, 47.5], bin 1:	 41	0.161
VTMVAEvaluator::getValueFromMap (MVA_CUT): E [-0.5, 0.5], bin 4: Zen [47.5, 75], bin 2:	 42	0.0561
VTMVAEvaluator::getValueFromMap (MVA_CUT): E [-0.25, 0.75], bin 5: Zen [0, 32.5], bin 0:	 50	0.129
VTMVAEvaluator::getValueFromMap (MVA_CUT): E [-0.25, 0.75], bin 5: Zen [32.5, 47.5], bin 1:	 51	0.169
VTMVAEvaluator::getValueFromMap (MVA_CUT): E [-0.25, 0.75], bin 5: Zen [47.5, 75], bin 2:	 52	0.107
VTMVAEvaluator::getValueFromMap (MVA_CUT): E [0, 1], bin 6: Zen [0, 32.5], bin 0:	 60	0.0872
VTMVAEvaluator::getValueFromMap (MVA_CUT): E [0, 1], bin 6: Zen [32.5, 47.5], bin 1:	 61	0.151
VTMVAEvaluator::getValueFromMap (MVA_CUT): E [0, 1], bin 6: Zen [47.5, 75], bin 2:	 62	0.121
VTMVAEvaluator::getValueFromMap (MVA_CUT): E [0.25, 1.25], bin 7: Zen [0, 32.5], bin 0:	 70	0.0758
VTMVAEvaluator::getValueFromMap (MVA_CUT): E [0.25, 1.25], bin 7: Zen [32.5, 47.5], bin 1:	 71	0.13
VTMVAEvaluator::getValueFromMap (MVA_CUT): E [0.25, 1.25], bin 7: Zen [47.5, 75], bin 2:	 72	0.121
VTMVAEvaluator::getValueFromMap (MVA_CUT): E [0.5, 2], bin 8: Zen [0, 32.5], bin 0:	 80	0.0768
VTMVAEvaluator::getValueFromMap (MVA_CUT): E [0.5, 2], bin 8: Zen [32.5, 47.5], bin 1:	 81	0.103
VTMVAEvaluator::getValueFromMap (MVA_CUT): E [0.5, 2], bin 8: Zen [47.5, 75], bin 2:	 82	0.158
	 file /raid/jacko/obriens/EDv490/Eventdisplay_AnalysisFiles_VTS//GammaHadronBDTs/V6_2016_2017_ATM62/NTel3-Hard/BDT_1_0.root
	 energy bin [-1.25,-0.25] (mean energy -0.75), zenith bin [0,32.5]
	 file /raid/jacko/obriens/EDv490/Eventdisplay_AnalysisFiles_VTS//GammaHadronBDTs/V6_2016_2017_ATM62/NTel3-Hard/BDT_1_1.root
	 energy bin [-1.25,-0.25] (mean energy -0.75), zenith bin [32.5,47.5]
	 file /raid/jacko/obriens/EDv490/Eventdisplay_AnalysisFiles_VTS//GammaHadronBDTs/V6_2016_2017_ATM62/NTel3-Hard/BDT_2_0.root
	 energy bin [-1,0] (mean energy -0.5), zenith bin [0,32.5]
	 file /raid/jacko/obriens/EDv490/Eventdisplay_AnalysisFiles_VTS//GammaHadronBDTs/V6_2016_2017_ATM62/NTel3-Hard/BDT_2_1.root
	 energy bin [-1,0] (mean energy -0.5), zenith bin [32.5,47.5]
	 file /raid/jacko/obriens/EDv490/Eventdisplay_AnalysisFiles_VTS//GammaHadronBDTs/V6_2016_2017_ATM62/NTel3-Hard/BDT_3_0.root
	 energy bin [-0.75,0.25] (mean energy -0.25), zenith bin [0,32.5]
	 file /raid/jacko/obriens/EDv490/Eventdisplay_AnalysisFiles_VTS//GammaHadronBDTs/V6_2016_2017_ATM62/NTel3-Hard/BDT_3_1.root
	 energy bin [-0.75,0.25] (mean energy -0.25), zenith bin [32.5,47.5]
	 file /raid/jacko/obriens/EDv490/Eventdisplay_AnalysisFiles_VTS//GammaHadronBDTs/V6_2016_2017_ATM62/NTel3-Hard/BDT_3_2.root
	 energy bin [-0.75,0.25] (mean energy -0.25), zenith bin [47.5,75]
	 file /raid/jacko/obriens/EDv490/Eventdisplay_AnalysisFiles_VTS//GammaHadronBDTs/V6_2016_2017_ATM62/NTel3-Hard/BDT_4_0.root
	 energy bin [-0.5,0.5] (mean energy 2.41e-17), zenith bin [0,32.5]
	 file /raid/jacko/obriens/EDv490/Eventdisplay_AnalysisFiles_VTS//GammaHadronBDTs/V6_2016_2017_ATM62/NTel3-Hard/BDT_4_1.root
	 energy bin [-0.5,0.5] (mean energy 2.41e-17), zenith bin [32.5,47.5]
	 file /raid/jacko/obriens/EDv490/Eventdisplay_AnalysisFiles_VTS//GammaHadronBDTs/V6_2016_2017_ATM62/NTel3-Hard/BDT_4_2.root
	 energy bin [-0.5,0.5] (mean energy 2.41e-17), zenith bin [47.5,75]
	 file /raid/jacko/obriens/EDv490/Eventdisplay_AnalysisFiles_VTS//GammaHadronBDTs/V6_2016_2017_ATM62/NTel3-Hard/BDT_5_0.root
	 energy bin [-0.25,0.75] (mean energy 0.25), zenith bin [0,32.5]
	 file /raid/jacko/obriens/EDv490/Eventdisplay_AnalysisFiles_VTS//GammaHadronBDTs/V6_2016_2017_ATM62/NTel3-Hard/BDT_5_1.root
	 energy bin [-0.25,0.75] (mean energy 0.25), zenith bin [32.5,47.5]
	 file /raid/jacko/obriens/EDv490/Eventdisplay_AnalysisFiles_VTS//GammaHadronBDTs/V6_2016_2017_ATM62/NTel3-Hard/BDT_5_2.root
	 energy bin [-0.25,0.75] (mean energy 0.25), zenith bin [47.5,75]
	 file /raid/jacko/obriens/EDv490/Eventdisplay_AnalysisFiles_VTS//GammaHadronBDTs/V6_2016_2017_ATM62/NTel3-Hard/BDT_6_0.root
	 energy bin [0,1] (mean energy 0.5), zenith bin [0,32.5]
	 file /raid/jacko/obriens/EDv490/Eventdisplay_AnalysisFiles_VTS//GammaHadronBDTs/V6_2016_2017_ATM62/NTel3-Hard/BDT_6_1.root
	 energy bin [0,1] (mean energy 0.5), zenith bin [32.5,47.5]
	 file /raid/jacko/obriens/EDv490/Eventdisplay_AnalysisFiles_VTS//GammaHadronBDTs/V6_2016_2017_ATM62/NTel3-Hard/BDT_6_2.root
	 energy bin [0,1] (mean energy 0.5), zenith bin [47.5,75]
	 file /raid/jacko/obriens/EDv490/Eventdisplay_AnalysisFiles_VTS//GammaHadronBDTs/V6_2016_2017_ATM62/NTel3-Hard/BDT_7_0.root
	 energy bin [0.25,1.25] (mean energy 0.75), zenith bin [0,32.5]
	 file /raid/jacko/obriens/EDv490/Eventdisplay_AnalysisFiles_VTS//GammaHadronBDTs/V6_2016_2017_ATM62/NTel3-Hard/BDT_7_1.root
	 energy bin [0.25,1.25] (mean energy 0.75), zenith bin [32.5,47.5]
	 file /raid/jacko/obriens/EDv490/Eventdisplay_AnalysisFiles_VTS//GammaHadronBDTs/V6_2016_2017_ATM62/NTel3-Hard/BDT_7_2.root
	 energy bin [0.25,1.25] (mean energy 0.75), zenith bin [47.5,75]
	 file /raid/jacko/obriens/EDv490/Eventdisplay_AnalysisFiles_VTS//GammaHadronBDTs/V6_2016_2017_ATM62/NTel3-Hard/BDT_8_0.root
	 energy bin [0.5,2] (mean energy 1.25), zenith bin [0,32.5]
	 file /raid/jacko/obriens/EDv490/Eventdisplay_AnalysisFiles_VTS//GammaHadronBDTs/V6_2016_2017_ATM62/NTel3-Hard/BDT_8_1.root
	 energy bin [0.5,2] (mean energy 1.25), zenith bin [32.5,47.5]
	 file /raid/jacko/obriens/EDv490/Eventdisplay_AnalysisFiles_VTS//GammaHadronBDTs/V6_2016_2017_ATM62/NTel3-Hard/BDT_8_2.root
	 energy bin [0.5,2] (mean energy 1.25), zenith bin [47.5,75]
                         : Booking "1_0" of type "BDT" from /raid/jacko/obriens/EDv490/Eventdisplay_AnalysisFiles_VTS//GammaHadronBDTs/V6_2016_2017_ATM62/NTel3-Hard/BDT_1_0_BDT_0.weights.xml.
                         : Reading weight file: /raid/jacko/obriens/EDv490/Eventdisplay_AnalysisFiles_VTS//GammaHadronBDTs/V6_2016_2017_ATM62/NTel3-Hard/BDT_1_0_BDT_0.weights.xml
<HEADER> DataSetInfo              : [Default] : Added class "Signal"
<HEADER> DataSetInfo              : [Default] : Added class "Background"
                         : Booked classifier "BDT_0" of type: "BDT"
                         : Booking "1_1" of type "BDT" from /raid/jacko/obriens/EDv490/Eventdisplay_AnalysisFiles_VTS//GammaHadronBDTs/V6_2016_2017_ATM62/NTel3-Hard/BDT_1_1_BDT_0.weights.xml.
                         : Reading weight file: /raid/jacko/obriens/EDv490/Eventdisplay_AnalysisFiles_VTS//GammaHadronBDTs/V6_2016_2017_ATM62/NTel3-Hard/BDT_1_1_BDT_0.weights.xml
<HEADER> DataSetInfo              : [Default] : Added class "Signal"
<HEADER> DataSetInfo              : [Default] : Added class "Background"
                         : Booked classifier "BDT_0" of type: "BDT"
                         : Booking "2_0" of type "BDT" from /raid/jacko/obriens/EDv490/Eventdisplay_AnalysisFiles_VTS//GammaHadronBDTs/V6_2016_2017_ATM62/NTel3-Hard/BDT_2_0_BDT_0.weights.xml.
                         : Reading weight file: /raid/jacko/obriens/EDv490/Eventdisplay_AnalysisFiles_VTS//GammaHadronBDTs/V6_2016_2017_ATM62/NTel3-Hard/BDT_2_0_BDT_0.weights.xml
<HEADER> DataSetInfo              : [Default] : Added class "Signal"
<HEADER> DataSetInfo              : [Default] : Added class "Background"
                         : Booked classifier "BDT_0" of type: "BDT"
                         : Booking "2_1" of type "BDT" from /raid/jacko/obriens/EDv490/Eventdisplay_AnalysisFiles_VTS//GammaHadronBDTs/V6_2016_2017_ATM62/NTel3-Hard/BDT_2_1_BDT_0.weights.xml.
                         : Reading weight file: /raid/jacko/obriens/EDv490/Eventdisplay_AnalysisFiles_VTS//GammaHadronBDTs/V6_2016_2017_ATM62/NTel3-Hard/BDT_2_1_BDT_0.weights.xml
<HEADER> DataSetInfo              : [Default] : Added class "Signal"
<HEADER> DataSetInfo              : [Default] : Added class "Background"
                         : Booked classifier "BDT_0" of type: "BDT"
                         : Booking "3_0" of type "BDT" from /raid/jacko/obriens/EDv490/Eventdisplay_AnalysisFiles_VTS//GammaHadronBDTs/V6_2016_2017_ATM62/NTel3-Hard/BDT_3_0_BDT_0.weights.xml.
                         : Reading weight file: /raid/jacko/obriens/EDv490/Eventdisplay_AnalysisFiles_VTS//GammaHadronBDTs/V6_2016_2017_ATM62/NTel3-Hard/BDT_3_0_BDT_0.weights.xml
<HEADER> DataSetInfo              : [Default] : Added class "Signal"
<HEADER> DataSetInfo              : [Default] : Added class "Background"
                         : Booked classifier "BDT_0" of type: "BDT"
                         : Booking "3_1" of type "BDT" from /raid/jacko/obriens/EDv490/Eventdisplay_AnalysisFiles_VTS//GammaHadronBDTs/V6_2016_2017_ATM62/NTel3-Hard/BDT_3_1_BDT_0.weights.xml.
                         : Reading weight file: /raid/jacko/obriens/EDv490/Eventdisplay_AnalysisFiles_VTS//GammaHadronBDTs/V6_2016_2017_ATM62/NTel3-Hard/BDT_3_1_BDT_0.weights.xml
<HEADER> DataSetInfo              : [Default] : Added class "Signal"
<HEADER> DataSetInfo              : [Default] : Added class "Background"
                         : Booked classifier "BDT_0" of type: "BDT"
                         : Booking "3_2" of type "BDT" from /raid/jacko/obriens/EDv490/Eventdisplay_AnalysisFiles_VTS//GammaHadronBDTs/V6_2016_2017_ATM62/NTel3-Hard/BDT_3_2_BDT_0.weights.xml.
                         : Reading weight file: /raid/jacko/obriens/EDv490/Eventdisplay_AnalysisFiles_VTS//GammaHadronBDTs/V6_2016_2017_ATM62/NTel3-Hard/BDT_3_2_BDT_0.weights.xml
<HEADER> DataSetInfo              : [Default] : Added class "Signal"
<HEADER> DataSetInfo              : [Default] : Added class "Background"
                         : Booked classifier "BDT_0" of type: "BDT"
                         : Booking "4_0" of type "BDT" from /raid/jacko/obriens/EDv490/Eventdisplay_AnalysisFiles_VTS//GammaHadronBDTs/V6_2016_2017_ATM62/NTel3-Hard/BDT_4_0_BDT_0.weights.xml.
                         : Reading weight file: /raid/jacko/obriens/EDv490/Eventdisplay_AnalysisFiles_VTS//GammaHadronBDTs/V6_2016_2017_ATM62/NTel3-Hard/BDT_4_0_BDT_0.weights.xml
<HEADER> DataSetInfo              : [Default] : Added class "Signal"
<HEADER> DataSetInfo              : [Default] : Added class "Background"
                         : Booked classifier "BDT_0" of type: "BDT"
                         : Booking "4_1" of type "BDT" from /raid/jacko/obriens/EDv490/Eventdisplay_AnalysisFiles_VTS//GammaHadronBDTs/V6_2016_2017_ATM62/NTel3-Hard/BDT_4_1_BDT_0.weights.xml.
                         : Reading weight file: /raid/jacko/obriens/EDv490/Eventdisplay_AnalysisFiles_VTS//GammaHadronBDTs/V6_2016_2017_ATM62/NTel3-Hard/BDT_4_1_BDT_0.weights.xml
<HEADER> DataSetInfo              : [Default] : Added class "Signal"
<HEADER> DataSetInfo              : [Default] : Added class "Background"
                         : Booked classifier "BDT_0" of type: "BDT"
                         : Booking "4_2" of type "BDT" from /raid/jacko/obriens/EDv490/Eventdisplay_AnalysisFiles_VTS//GammaHadronBDTs/V6_2016_2017_ATM62/NTel3-Hard/BDT_4_2_BDT_0.weights.xml.
                         : Reading weight file: /raid/jacko/obriens/EDv490/Eventdisplay_AnalysisFiles_VTS//GammaHadronBDTs/V6_2016_2017_ATM62/NTel3-Hard/BDT_4_2_BDT_0.weights.xml
<HEADER> DataSetInfo              : [Default] : Added class "Signal"
<HEADER> DataSetInfo              : [Default] : Added class "Background"
                         : Booked classifier "BDT_0" of type: "BDT"
                         : Booking "5_0" of type "BDT" from /raid/jacko/obriens/EDv490/Eventdisplay_AnalysisFiles_VTS//GammaHadronBDTs/V6_2016_2017_ATM62/NTel3-Hard/BDT_5_0_BDT_0.weights.xml.
                         : Reading weight file: /raid/jacko/obriens/EDv490/Eventdisplay_AnalysisFiles_VTS//GammaHadronBDTs/V6_2016_2017_ATM62/NTel3-Hard/BDT_5_0_BDT_0.weights.xml
<HEADER> DataSetInfo              : [Default] : Added class "Signal"
<HEADER> DataSetInfo              : [Default] : Added class "Background"
                         : Booked classifier "BDT_0" of type: "BDT"
                         : Booking "5_1" of type "BDT" from /raid/jacko/obriens/EDv490/Eventdisplay_AnalysisFiles_VTS//GammaHadronBDTs/V6_2016_2017_ATM62/NTel3-Hard/BDT_5_1_BDT_0.weights.xml.
                         : Reading weight file: /raid/jacko/obriens/EDv490/Eventdisplay_AnalysisFiles_VTS//GammaHadronBDTs/V6_2016_2017_ATM62/NTel3-Hard/BDT_5_1_BDT_0.weights.xml
<HEADER> DataSetInfo              : [Default] : Added class "Signal"
<HEADER> DataSetInfo              : [Default] : Added class "Background"
                         : Booked classifier "BDT_0" of type: "BDT"
                         : Booking "5_2" of type "BDT" from /raid/jacko/obriens/EDv490/Eventdisplay_AnalysisFiles_VTS//GammaHadronBDTs/V6_2016_2017_ATM62/NTel3-Hard/BDT_5_2_BDT_0.weights.xml.
                         : Reading weight file: /raid/jacko/obriens/EDv490/Eventdisplay_AnalysisFiles_VTS//GammaHadronBDTs/V6_2016_2017_ATM62/NTel3-Hard/BDT_5_2_BDT_0.weights.xml
<HEADER> DataSetInfo              : [Default] : Added class "Signal"
<HEADER> DataSetInfo              : [Default] : Added class "Background"
                         : Booked classifier "BDT_0" of type: "BDT"
                         : Booking "6_0" of type "BDT" from /raid/jacko/obriens/EDv490/Eventdisplay_AnalysisFiles_VTS//GammaHadronBDTs/V6_2016_2017_ATM62/NTel3-Hard/BDT_6_0_BDT_0.weights.xml.
                         : Reading weight file: /raid/jacko/obriens/EDv490/Eventdisplay_AnalysisFiles_VTS//GammaHadronBDTs/V6_2016_2017_ATM62/NTel3-Hard/BDT_6_0_BDT_0.weights.xml
<HEADER> DataSetInfo              : [Default] : Added class "Signal"
<HEADER> DataSetInfo              : [Default] : Added class "Background"
                         : Booked classifier "BDT_0" of type: "BDT"
                         : Booking "6_1" of type "BDT" from /raid/jacko/obriens/EDv490/Eventdisplay_AnalysisFiles_VTS//GammaHadronBDTs/V6_2016_2017_ATM62/NTel3-Hard/BDT_6_1_BDT_0.weights.xml.
                         : Reading weight file: /raid/jacko/obriens/EDv490/Eventdisplay_AnalysisFiles_VTS//GammaHadronBDTs/V6_2016_2017_ATM62/NTel3-Hard/BDT_6_1_BDT_0.weights.xml
<HEADER> DataSetInfo              : [Default] : Added class "Signal"
<HEADER> DataSetInfo              : [Default] : Added class "Background"
                         : Booked classifier "BDT_0" of type: "BDT"
                         : Booking "6_2" of type "BDT" from /raid/jacko/obriens/EDv490/Eventdisplay_AnalysisFiles_VTS//GammaHadronBDTs/V6_2016_2017_ATM62/NTel3-Hard/BDT_6_2_BDT_0.weights.xml.
                         : Reading weight file: /raid/jacko/obriens/EDv490/Eventdisplay_AnalysisFiles_VTS//GammaHadronBDTs/V6_2016_2017_ATM62/NTel3-Hard/BDT_6_2_BDT_0.weights.xml
<HEADER> DataSetInfo              : [Default] : Added class "Signal"
<HEADER> DataSetInfo              : [Default] : Added class "Background"
                         : Booked classifier "BDT_0" of type: "BDT"
                         : Booking "7_0" of type "BDT" from /raid/jacko/obriens/EDv490/Eventdisplay_AnalysisFiles_VTS//GammaHadronBDTs/V6_2016_2017_ATM62/NTel3-Hard/BDT_7_0_BDT_0.weights.xml.
                         : Reading weight file: /raid/jacko/obriens/EDv490/Eventdisplay_AnalysisFiles_VTS//GammaHadronBDTs/V6_2016_2017_ATM62/NTel3-Hard/BDT_7_0_BDT_0.weights.xml
<HEADER> DataSetInfo              : [Default] : Added class "Signal"
<HEADER> DataSetInfo              : [Default] : Added class "Background"
                         : Booked classifier "BDT_0" of type: "BDT"
                         : Booking "7_1" of type "BDT" from /raid/jacko/obriens/EDv490/Eventdisplay_AnalysisFiles_VTS//GammaHadronBDTs/V6_2016_2017_ATM62/NTel3-Hard/BDT_7_1_BDT_0.weights.xml.
                         : Reading weight file: /raid/jacko/obriens/EDv490/Eventdisplay_AnalysisFiles_VTS//GammaHadronBDTs/V6_2016_2017_ATM62/NTel3-Hard/BDT_7_1_BDT_0.weights.xml
<HEADER> DataSetInfo              : [Default] : Added class "Signal"
<HEADER> DataSetInfo              : [Default] : Added class "Background"
                         : Booked classifier "BDT_0" of type: "BDT"
                         : Booking "7_2" of type "BDT" from /raid/jacko/obriens/EDv490/Eventdisplay_AnalysisFiles_VTS//GammaHadronBDTs/V6_2016_2017_ATM62/NTel3-Hard/BDT_7_2_BDT_0.weights.xml.
                         : Reading weight file: /raid/jacko/obriens/EDv490/Eventdisplay_AnalysisFiles_VTS//GammaHadronBDTs/V6_2016_2017_ATM62/NTel3-Hard/BDT_7_2_BDT_0.weights.xml
<HEADER> DataSetInfo              : [Default] : Added class "Signal"
<HEADER> DataSetInfo              : [Default] : Added class "Background"
                         : Booked classifier "BDT_0" of type: "BDT"
                         : Booking "8_0" of type "BDT" from /raid/jacko/obriens/EDv490/Eventdisplay_AnalysisFiles_VTS//GammaHadronBDTs/V6_2016_2017_ATM62/NTel3-Hard/BDT_8_0_BDT_0.weights.xml.
                         : Reading weight file: /raid/jacko/obriens/EDv490/Eventdisplay_AnalysisFiles_VTS//GammaHadronBDTs/V6_2016_2017_ATM62/NTel3-Hard/BDT_8_0_BDT_0.weights.xml
<HEADER> DataSetInfo              : [Default] : Added class "Signal"
<HEADER> DataSetInfo              : [Default] : Added class "Background"
                         : Booked classifier "BDT_0" of type: "BDT"
                         : Booking "8_1" of type "BDT" from /raid/jacko/obriens/EDv490/Eventdisplay_AnalysisFiles_VTS//GammaHadronBDTs/V6_2016_2017_ATM62/NTel3-Hard/BDT_8_1_BDT_0.weights.xml.
                         : Reading weight file: /raid/jacko/obriens/EDv490/Eventdisplay_AnalysisFiles_VTS//GammaHadronBDTs/V6_2016_2017_ATM62/NTel3-Hard/BDT_8_1_BDT_0.weights.xml
<HEADER> DataSetInfo              : [Default] : Added class "Signal"
<HEADER> DataSetInfo              : [Default] : Added class "Background"
                         : Booked classifier "BDT_0" of type: "BDT"
                         : Booking "8_2" of type "BDT" from /raid/jacko/obriens/EDv490/Eventdisplay_AnalysisFiles_VTS//GammaHadronBDTs/V6_2016_2017_ATM62/NTel3-Hard/BDT_8_2_BDT_0.weights.xml.
                         : Reading weight file: /raid/jacko/obriens/EDv490/Eventdisplay_AnalysisFiles_VTS//GammaHadronBDTs/V6_2016_2017_ATM62/NTel3-Hard/BDT_8_2_BDT_0.weights.xml
<HEADER> DataSetInfo              : [Default] : Added class "Signal"
<HEADER> DataSetInfo              : [Default] : Added class "Background"
                         : Booked classifier "BDT_0" of type: "BDT"
VTMVAEvaluator: Initialized 22 MVA readers 

======================= VTMVAEvaluator: signal (background) efficiency =======================
E [-1.25,-0.250] TeV, Ze [0.00,32.5] deg (bin 0):	 0.783	(0.0403)	 MVACut: 0.148
E [-1.25,-0.250] TeV, Ze [32.5,47.5] deg (bin 1):	 0.900	(0.0205)	 MVACut: 0.0482
E [-1.00,0.00] TeV, Ze [0.00,32.5] deg (bin 2):	 0.775	(0.0437)	 MVACut: 0.148
E [-1.00,0.00] TeV, Ze [32.5,47.5] deg (bin 3):	 0.812	(0.0339)	 MVACut: 0.146
E [-0.750,0.250] TeV, Ze [0.00,32.5] deg (bin 4):	 0.756	(0.0377)	 MVACut: 0.154
E [-0.750,0.250] TeV, Ze [32.5,47.5] deg (bin 5):	 0.772	(0.0286)	 MVACut: 0.158
E [-0.750,0.250] TeV, Ze [47.5,75.0] deg (bin 6):	 0.772	(0.0500)	 MVACut: 0.108
E [-0.500,0.500] TeV, Ze [0.00,32.5] deg (bin 7):	 0.726	(0.0298)	 MVACut: 0.157
E [-0.500,0.500] TeV, Ze [32.5,47.5] deg (bin 8):	 0.756	(0.0255)	 MVACut: 0.161
E [-0.500,0.500] TeV, Ze [47.5,75.0] deg (bin 9):	 0.888	(0.0772)	 MVACut: 0.0561
E [-0.250,0.750] TeV, Ze [0.00,32.5] deg (bin 10):	 0.788	(0.0447)	 MVACut: 0.129
E [-0.250,0.750] TeV, Ze [32.5,47.5] deg (bin 11):	 0.744	(0.0215)	 MVACut: 0.169
E [-0.250,0.750] TeV, Ze [47.5,75.0] deg (bin 12):	 0.812	(0.0495)	 MVACut: 0.107
E [0.00,1.00] TeV, Ze [0.00,32.5] deg (bin 13):	 0.856	(0.0560)	 MVACut: 0.0872
E [0.00,1.00] TeV, Ze [32.5,47.5] deg (bin 14):	 0.759	(0.0271)	 MVACut: 0.151
E [0.00,1.00] TeV, Ze [47.5,75.0] deg (bin 15):	 0.795	(0.0432)	 MVACut: 0.121
E [0.250,1.25] TeV, Ze [0.00,32.5] deg (bin 16):	 0.889	(0.0464)	 MVACut: 0.0758
E [0.250,1.25] TeV, Ze [32.5,47.5] deg (bin 17):	 0.793	(0.0302)	 MVACut: 0.130
E [0.250,1.25] TeV, Ze [47.5,75.0] deg (bin 18):	 0.789	(0.0367)	 MVACut: 0.121
E [0.500,2.00] TeV, Ze [0.00,32.5] deg (bin 19):	 0.900	(0.0308)	 MVACut: 0.0768
E [0.500,2.00] TeV, Ze [32.5,47.5] deg (bin 20):	 0.840	(0.0304)	 MVACut: 0.103
E [0.500,2.00] TeV, Ze [47.5,75.0] deg (bin 21):	 0.725	(0.0144)	 MVACut: 0.158

-----------------------------------------------------------------------------------------
VGammaHadronCuts::printCutSummary() (ntel=4: T1234) 
Gamma/hadron cut selector: 42
Instrument epoch selected: V6_2016_2017_ATM62
Direction cuts (cut selector 0)
Theta2 cut: Theta^2 [deg^2] < 0.008
Direction cut scale factor 1, minimum : 0 [deg] , maximum : 1e+10 [deg]
Average core distance < 400 m (max distance to telescopes (mintel) 1e+10 m)
TMVA gamma/hadron separation with MVA method BDT
weight files: /raid/jacko/obriens/EDv490/Eventdisplay_AnalysisFiles_VTS//GammaHadronBDTs/V6_2016_2017_ATM62/NTel3-Hard/BDT (0,8) (0,2)

Fiducial area (camera) < 2 deg,  stereo reconstruction: 0 <= sChi2 <= 1e+30
Energy reconstruction: 0 <= EChi2 <= 1e+05, -99 < dE < 1e+12, 0 < Erec < 1e+10
SizeSecondMax: 1.5e+03 < SizeSecondMax < 1e+30, 0 < Emission height < 1e+10
NImage cut: 0 <= Ntel <= 100000
Tel-combinations: 0: 0, 1: 0, 2: 0, 3: 0, 4: 0, 5: 0, 6: 0, 7: 1, 8: 0, 9: 0, 10: 0, 11: 1, 12: 0, 13: 1, 14: 1, 15: 1
-----------------------------------------------------------------------------------------
	 reading dead time histograms from file /raid/reedbuck/lundym/data/analysis/Results/v490///83368.mscw.root:/deadTimeHistograms
	 reading effective areas from /raid/jacko/obriens/EDv490/Eventdisplay_AnalysisFiles_VTS//EffectiveAreas/effArea-v490-auxv01-CARE_June2020-Cut-NTel3-PointSource-Hard-TMVA-BDT-AP-DISP-V6_2016_2017-ATM62-T1234.root
	 selecting effective areas for mean az -11.8 deg, spectral index 3.5, noise level 6.46
		total number of curves: 302940, total number of bins on energy axis: 60
		 number of az bin: 16
	 use histograms for effective areas (number of zenith angle intervals: 9; 0, 20, 30, 35, 40, 45, 50, 55, 60)
	 (effective area vs reconstructed energy)
	 number of entries for this run: 111344
                         : Rebuilding Dataset Default
	 filling OFF events... (correlated maps)
	 initialize REFLECTED REGION MODEL for run 83368
		 ....reflected regions initialized
	 filling OFF events... (uncorrelated maps)
	 initialize REFLECTED REGION MODEL for run 83368 (uncorrelated plots)
		 ....reflected regions initialized
                         : Rebuilding Dataset Default
                         : Rebuilding Dataset Default
                         : Rebuilding Dataset Default
                         : Rebuilding Dataset Default
                         : Rebuilding Dataset Default
                         : Rebuilding Dataset Default
                         : Rebuilding Dataset Default
	 Tdiff: dead time [ms] 0.278, fraction of missing events: 12.1% (0, 3.43e+05)
	 Scalar: dead time (fraction of missing events): 13.5% (Chi2 = 1.05e+04)

	 Time mask for run: 83368
	 Run ( 901 secs) | Interval (100 secs)	|     0 |     1 |     2 |     3 |     4 |     5 |     6 |     7 |     8 |     9 (1 sec)
	          111343 | Total Events		| 12511 | 12534 | 12591 | 12293 | 12234 | 12422 | 12354 | 12220 | 12163 |    21

	 Mean times from time mask for run (start on MJD):	 83368	 (1.13e+04 secs on 57688)
	 Mean of run:			  450.5	 (11782.6)
	 Mean of events:		 447.73	 (11779.9)

Mean properties for this pair: ON=83368, OFF=83368 -----------------------------
	 Exposure ON=901 secs (15 min)  OFF=901 secs (15 min),	 Az range ON [-5.16,-18.4], OFF [-5.16,-18.4]
	 mean elevation: 0 (ON), 78.4 (OFF)
	 mean azimuth: -11.8 (ON), -11.8 (OFF)
	 trigger rate : 124 Hz (ON), 124 Hz (Off)
	 Maximum in CORRELATED maps: 
	 2.79 (On: 2, Off: 0, Alpha: 0.1667, Off/Alpha: 0) at (x=-1.58, y=0.27)
	 Maximum in UNCORRELATED maps: 
	 2.344 (On: 1, Off: 1, Alpha: 0.01658, Off/Alpha: 0.01658) at (x=-0.65, y=1.15)

	 ---------------------------- 
	 RESULTS FOR SOURCE POSITION: 
	 ---------------------------- 
	 ON:0  OFF:0.1667 (off 1, alpha=0.1667)
	 -0.5552 Sigma  -0.0111+/-0.0111 gammas/min
	 background rate: 0.0111 CR/min

---------------------------------------

---------------------------------------
Stereo analysis for all runs:
	 Exposure ON=901 secs (15.02 min)  OFF=901 secs (15.02 min),	 Az range ON [0,0], OFF [0,0]
	 mean elevation: 78.41 (ON), 78.41 (OFF)
	 trigger rate : 123.6 Hz (ON), 123.6 Hz (Off)
	 mean pedvars: 6.456 (ON), 6.456 (OFF)
	 Maximum in CORRELATED maps: 
	 2.79 (On: 2, Off: 0, Alpha: 0.1667, Off/Alpha: 0) at (x=-1.58, y=0.27)
	 Maximum in UNCORRELATED maps: 
	 2.344 (On: 1, Off: 1, Alpha: 0.01658, Off/Alpha: 0.01658) at (x=-0.65, y=1.15)

	 ---------------------------- 
	 RESULTS FOR SOURCE POSITION: 
	 ---------------------------- 
	 ON:0  OFF:0.1667 (off 1, alpha=0.1667)
	 -0.5552 Sigma  -0.0111+/-0.0111 gammas/min
	 background rate: 0.0111 CR/min

---------------------------------------


RUN SUMMARY: 

RUN 83368 (+0.5N,-0.0W)  at 78, -11 deg El., Az, 15.02 min, Non:    0, Noff:  0.17 (   1, norm 0.167),  -0.6 sigma, Rates:  -0.011 +/-   0.011 gamma/min (background:   0.011 events/min)

-----------------------------------------------------------------------------(6)
ALL RUNS (1 runs) at 78, -14 deg El., Az, 15.02 min, Non:    0, Noff:  0.17 (   1, norm 0.167),  -0.6 sigma, Rates:  -0.011 +/-   0.011 gamma/min (background:   0.011 events/min)

analysis results written to /raid/jacko/obriens/VERITAS/ED_data/analysis/Results/v490/BLLac/BLLac1//83368.anasum.root
