
VERITAS Analysis Summary (University of Delaware & DESY)  (version v.4.90)
==========================================================================

merging analysis results

Reading anasum parameters from /raid/jacko/obriens/EDv490/Eventdisplay_AnalysisFiles_VTS/ParameterFiles/ANASUM.runparameter_bllac.txt :

* TIMEMASKFILE ANASUM.timemask_bllac.dat
* REGIONTOEXCLUDE 0. 0. 0.35
* ENERGYSPECTRALINDEX 3.5
* SKYMAPBINSIZE 0.01
* SKYMAPBINSIZEUC 0.05
* SKYMAPSIZEX -2. 2.
* SKYMAPSIZEY -2. 2.
* BRIGHTSTARCATALOGUE Hipparcos_MAG8_1997.dat
* BRIGHTSTARBRIGHTNESS 8.0
* BRIGHTSTAREXCLUDEFROMBACKGROUNDRADIUS 0.30
* ENERGYBINSIZE 0.05
* ENERGYEFFECTIVEAREAS REC
* ENERGYRECONSTRUCTIONMETHOD 1
* DEADTIMECALCULATIONMETHOD 0
* RATEINTERVALLLENGTH 4.
========================================================
        end reading run parameters                      
========================================================

Reading short run list from runlist.txt
Random seed for stereo maps: 17

File with list of runs  (short version): runlist.txt (13 runs found in list)
reading in histograms from /raid/jacko/obriens/VERITAS/ED_data/analysis/Results/v490/BLLac/BLLac1///83016.anasum.root
	 copy histograms for run 83016
reading in histograms from /raid/jacko/obriens/VERITAS/ED_data/analysis/Results/v490/BLLac/BLLac1///83017.anasum.root
	 copy histograms for run 83017
reading in histograms from /raid/jacko/obriens/VERITAS/ED_data/analysis/Results/v490/BLLac/BLLac1///83018.anasum.root
	 copy histograms for run 83018
reading in histograms from /raid/jacko/obriens/VERITAS/ED_data/analysis/Results/v490/BLLac/BLLac1///83019.anasum.root
	 copy histograms for run 83019
reading in histograms from /raid/jacko/obriens/VERITAS/ED_data/analysis/Results/v490/BLLac/BLLac1///83020.anasum.root
	 copy histograms for run 83020
reading in histograms from /raid/jacko/obriens/VERITAS/ED_data/analysis/Results/v490/BLLac/BLLac1///83021.anasum.root
	 copy histograms for run 83021
reading in histograms from /raid/jacko/obriens/VERITAS/ED_data/analysis/Results/v490/BLLac/BLLac1///83231.anasum.root
	 copy histograms for run 83231
reading in histograms from /raid/jacko/obriens/VERITAS/ED_data/analysis/Results/v490/BLLac/BLLac1///83266.anasum.root
	 copy histograms for run 83266
reading in histograms from /raid/jacko/obriens/VERITAS/ED_data/analysis/Results/v490/BLLac/BLLac1///83368.anasum.root
	 copy histograms for run 83368
reading in histograms from /raid/jacko/obriens/VERITAS/ED_data/analysis/Results/v490/BLLac/BLLac1///83389.anasum.root
	 copy histograms for run 83389
reading in histograms from /raid/jacko/obriens/VERITAS/ED_data/analysis/Results/v490/BLLac/BLLac1///83523.anasum.root
	 copy histograms for run 83523
reading in histograms from /raid/jacko/obriens/VERITAS/ED_data/analysis/Results/v490/BLLac/BLLac1///83558.anasum.root
	 copy histograms for run 83558
reading in histograms from /raid/jacko/obriens/VERITAS/ED_data/analysis/Results/v490/BLLac/BLLac1///83768.anasum.root
	 copy histograms for run 83768
-----------------------------------------------------------------------(5)


---------------------------------------
Stereo analysis for all runs:
	 Exposure ON=18638 secs (310.633 min)  OFF=18638 secs (310.633 min),	 Az range ON [0,0], OFF [0,0]
	 mean elevation: 38.7269 (ON), 73.2823 (OFF)
	 trigger rate : 127.457 Hz (ON), 127.457 Hz (Off)
	 mean pedvars: 6.63467 (ON), 6.63467 (OFF)
	 Maximum in CORRELATED maps: 
	 23.05 (On: 185, Off: 21, Alpha: 0.2024, Off/Alpha: 4.251) at (x=-0.01, y=-0.01)
	 Maximum in UNCORRELATED maps: 
	 16.84 (On: 47, Off: 22, Alpha: 0.02014, Off/Alpha: 0.443) at (x=9.021e-17, y=9.021e-17)

	 ---------------------------- 
	 RESULTS FOR SOURCE POSITION: 
	 ---------------------------- 
	 ON:184  OFF:4.437 (off 22, alpha=0.2017)
	 22.91 Sigma  0.5781+/-0.04377 gammas/min
	 background rate: 0.01428 CR/min

---------------------------------------


RUN SUMMARY: 

RUN 83016 (-0.5N,+0.0W)  at 78,  18 deg El., Az, 30.02 min, Non:   29, Noff:  0.33 (   2, norm 0.167),   9.9 sigma, Rates:   0.955 +/-   0.180 gamma/min (background:   0.011 events/min)
RUN 83017 (-0.0N,-0.5W)  at 78, -10 deg El., Az, 30.02 min, Non:   33, Noff:  0.33 (   2, norm 0.167),  10.7 sigma, Rates:   1.088 +/-   0.192 gamma/min (background:   0.011 events/min)
RUN 83018 (+0.0N,+0.5W)  at 76, -34 deg El., Az, 30.02 min, Non:   46, Noff:  0.33 (   1, norm 0.333),  10.9 sigma, Rates:   1.521 +/-   0.226 gamma/min (background:   0.011 events/min)
RUN 83019 (+0.5N,-0.0W)  at 71, -47 deg El., Az, 30.02 min, Non:   32, Noff:  0.33 (   2, norm 0.167),  10.5 sigma, Rates:   1.055 +/-   0.189 gamma/min (background:   0.011 events/min)
RUN 83020 (-0.5N,+0.0W)  at 67, -55 deg El., Az, 30.02 min, Non:   37, Noff:  0.33 (   2, norm 0.167),  11.4 sigma, Rates:   1.222 +/-   0.203 gamma/min (background:   0.011 events/min)
RUN 83021 (-0.0N,-0.5W)  at 62, -58 deg El., Az, 30.02 min, Non:    6, Noff:  0.17 (   1, norm 0.167),   4.2 sigma, Rates:   0.194 +/-   0.082 gamma/min (background:   0.006 events/min)
RUN 83231 (+0.0N,+0.5W)  at 71,  50 deg El., Az, 12.30 min, Non:    0, Noff:  0.33 (   1, norm 0.333),  -0.8 sigma, Rates:  -0.027 +/-   0.027 gamma/min (background:   0.027 events/min)
RUN 83266 (-0.0N,-0.5W)  at 71, -47 deg El., Az, 23.02 min, Non:    0, Noff:  0.17 (   1, norm 0.167),  -0.6 sigma, Rates:  -0.007 +/-   0.007 gamma/min (background:   0.007 events/min)
RUN 83368 (+0.5N,-0.0W)  at 78, -11 deg El., Az, 15.02 min, Non:    0, Noff:  0.17 (   1, norm 0.167),  -0.6 sigma, Rates:  -0.011 +/-   0.011 gamma/min (background:   0.011 events/min)
RUN 83389 (-0.5N,+0.0W)  at 75,  43 deg El., Az, 22.02 min, Non:    0, Noff:  0.50 (   3, norm 0.167),  -1.0 sigma, Rates:  -0.023 +/-   0.013 gamma/min (background:   0.023 events/min)
RUN 83523 (+0.5N,-0.0W)  at 68, -51 deg El., Az, 30.02 min, Non:    1, Noff:  0.17 (   1, norm 0.167),   1.2 sigma, Rates:   0.028 +/-   0.034 gamma/min (background:   0.006 events/min)
RUN 83558 (+0.5N,-0.0W)  at 78, -17 deg El., Az, 14.15 min, Non:    0, Noff:  0.33 (   2, norm 0.167),  -0.8 sigma, Rates:  -0.024 +/-   0.017 gamma/min (background:   0.024 events/min)
RUN 83768 (-0.5N,+0.0W)  at 75, -39 deg El., Az, 14.02 min, Non:    0, Noff:  0.50 (   3, norm 0.167),  -1.0 sigma, Rates:  -0.036 +/-   0.021 gamma/min (background:   0.036 events/min)

-----------------------------------------------------------------------------(6)
ALL RUNS (13 runs) at 38, -20 deg El., Az, 310.63 min, Non:  184, Noff:  4.44 (  22, norm 0.202),  22.9 sigma, Rates:   0.578 +/-   0.044 gamma/min (background:   0.014 events/min)

analysis results written to /raid/jacko/obriens/VERITAS/ED_data/analysis/Results/v490/BLLac/BLLac1//bllac_hard3tel_anasumCombine.root
